{"level":"info","message":"ADMIN LOG SESSION STARTS","timestamp":"2016-11-20T10:49:50.960Z"}
{"level":"warn","message":"THIS IS A SAMPLE WARNING LOG","timestamp":"2016-11-20T10:49:50.963Z"}
{"level":"info","message":"ADDING A POST REQUEST ON admin_list_user QUEUE WITH msg_payload as:","timestamp":"2016-11-20T10:49:57.881Z"}
{"level":"info","message":"MSG_PAYLOAD[object Object]","timestamp":"2016-11-20T10:49:57.881Z"}
{"level":"info","message":"ADMIN LOG SESSION STARTS","timestamp":"2016-11-20T10:51:08.369Z"}
{"level":"warn","message":"THIS IS A SAMPLE WARNING LOG","timestamp":"2016-11-20T10:51:08.373Z"}
{"level":"info","message":"ADDING A POST REQUEST ON admin_list_user QUEUE WITH msg_payload as:","timestamp":"2016-11-20T10:51:12.146Z"}
{"username":"admin@gmail.com","level":"info","message":"","timestamp":"2016-11-20T10:51:12.146Z"}
{"level":"info","message":"ADMIN LOG SESSION STARTS","timestamp":"2016-11-20T10:56:11.807Z"}
{"level":"warn","message":"THIS IS A SAMPLE WARNING LOG MESSAGE","timestamp":"2016-11-20T10:56:11.807Z"}
{"level":"info","message":"ADDING A POST REQUEST ON admin_list_user QUEUE WITH msg_payload as:","timestamp":"2016-11-20T10:56:16.548Z"}
{"username":"admin@gmail.com","level":"info","message":"","timestamp":"2016-11-20T10:56:16.549Z"}
{"level":"info","message":"SUCCESSFULLY RENDERED THE SIGNIN MODULE","timestamp":"2016-11-20T10:58:29.302Z"}
{"level":"info","message":"ADDING A POST REQUEST ON admin_list_user QUEUE WITH msg_payload as:","timestamp":"2016-11-20T10:58:42.504Z"}
{"username":"admin@gmail.com","level":"info","message":"","timestamp":"2016-11-20T10:58:42.504Z"}
{"level":"info","message":"ADMIN LOG SESSION STARTS","timestamp":"2016-11-21T01:32:11.169Z"}
{"level":"warn","message":"THIS IS A SAMPLE WARNING LOG MESSAGE","timestamp":"2016-11-21T01:32:11.170Z"}
{"level":"info","message":"SUCCESSFULLY RENDERED THE SIGNIN MODULE","timestamp":"2016-11-21T01:32:41.256Z"}
{"level":"info","message":"ADDING A POST REQUEST ON admin_list_user QUEUE WITH msg_payload as:","timestamp":"2016-11-21T01:33:13.984Z"}
{"username":"admin@gmail.com","level":"info","message":"","timestamp":"2016-11-21T01:33:13.985Z"}
{"level":"info","message":"ADMIN LOG SESSION STARTS","timestamp":"2016-11-21T06:07:49.184Z"}
{"level":"warn","message":"THIS IS A SAMPLE WARNING LOG MESSAGE","timestamp":"2016-11-21T06:07:49.185Z"}
{"level":"info","message":"SUCCESSFULLY RENDERED THE SIGNIN MODULE","timestamp":"2016-11-21T06:07:58.755Z"}
{"level":"info","message":"SUCCESSFULLY RENDERED THE SIGNIN MODULE","timestamp":"2016-11-21T06:07:58.758Z"}
{"level":"info","message":"ADDING A POST REQUEST ON admin_list_user QUEUE WITH msg_payload as:","timestamp":"2016-11-21T06:09:04.743Z"}
{"username":"admin@gmail.com","level":"info","message":"","timestamp":"2016-11-21T06:09:04.743Z"}
{"level":"info","message":"ADDING A POST REQUEST ON admin_list_user QUEUE WITH msg_payload as:","timestamp":"2016-11-21T06:09:47.815Z"}
{"username":"admin@gmail.com","level":"info","message":"","timestamp":"2016-11-21T06:09:47.815Z"}
{"level":"info","message":"ADDING A POST REQUEST ON admin_list_user QUEUE WITH msg_payload as:","timestamp":"2016-11-21T06:11:05.692Z"}
{"username":"admin@gmail.com","level":"info","message":"","timestamp":"2016-11-21T06:11:05.692Z"}
{"level":"info","message":"ADDING A POST REQUEST ON admin_list_user QUEUE WITH msg_payload as:","timestamp":"2016-11-21T07:17:12.372Z"}
{"username":"admin@gmail.com","level":"info","message":"","timestamp":"2016-11-21T07:17:12.373Z"}
{"level":"info","message":"ADDING A POST REQUEST ON admin_list_user QUEUE WITH msg_payload as:","timestamp":"2016-11-21T07:22:46.481Z"}
{"username":"admin@gmail.com","level":"info","message":"","timestamp":"2016-11-21T07:22:46.481Z"}
{"level":"info","message":"ADDING A POST REQUEST ON admin_list_user QUEUE WITH msg_payload as:","timestamp":"2016-11-21T07:25:19.381Z"}
{"username":"admin@gmail.com","level":"info","message":"","timestamp":"2016-11-21T07:25:19.381Z"}
{"level":"info","message":"ADDING A POST REQUEST ON admin_list_user QUEUE WITH msg_payload as:","timestamp":"2016-11-21T07:27:34.834Z"}
{"username":"admin@gmail.com","level":"info","message":"","timestamp":"2016-11-21T07:27:34.834Z"}
{"level":"info","message":"ADDING A POST REQUEST ON admin_list_user QUEUE WITH msg_payload as:","timestamp":"2016-11-21T07:28:00.660Z"}
{"username":"admin@gmail.com","level":"info","message":"","timestamp":"2016-11-21T07:28:00.660Z"}
{"level":"info","message":"ADDING A POST REQUEST ON admin_list_user QUEUE WITH msg_payload as:","timestamp":"2016-11-21T07:28:29.154Z"}
{"username":"admin@gmail.com","level":"info","message":"","timestamp":"2016-11-21T07:28:29.154Z"}
{"level":"info","message":"ADDING A POST REQUEST ON admin_list_user QUEUE WITH msg_payload as:","timestamp":"2016-11-21T07:32:20.658Z"}
{"username":"admin@gmail.com","level":"info","message":"","timestamp":"2016-11-21T07:32:20.658Z"}
{"level":"info","message":"ADDING A POST REQUEST ON admin_list_user QUEUE WITH msg_payload as:","timestamp":"2016-11-21T07:51:50.297Z"}
{"username":"admin@gmail.com","level":"info","message":"","timestamp":"2016-11-21T07:51:50.297Z"}
{"level":"info","message":"ADDING A POST REQUEST ON admin_list_user QUEUE WITH msg_payload as:","timestamp":"2016-11-21T07:52:18.672Z"}
{"username":"admin@gmail.com","level":"info","message":"","timestamp":"2016-11-21T07:52:18.672Z"}
{"level":"info","message":"ADDING A POST REQUEST ON admin_list_user QUEUE WITH msg_payload as:","timestamp":"2016-11-21T07:53:18.044Z"}
{"username":"admin@gmail.com","level":"info","message":"","timestamp":"2016-11-21T07:53:18.044Z"}
{"level":"info","message":"ADDING A POST REQUEST ON admin_list_user QUEUE WITH msg_payload as:","timestamp":"2016-11-21T07:53:41.659Z"}
{"username":"admin@gmail.com","level":"info","message":"","timestamp":"2016-11-21T07:53:41.659Z"}
{"level":"info","message":"ADDING A POST REQUEST ON admin_list_user QUEUE WITH msg_payload as:","timestamp":"2016-11-21T07:53:59.745Z"}
{"username":"admin@gmail.com","level":"info","message":"","timestamp":"2016-11-21T07:53:59.745Z"}
{"level":"info","message":"ADDING A POST REQUEST ON admin_list_user QUEUE WITH msg_payload as:","timestamp":"2016-11-21T07:54:21.863Z"}
{"username":"admin@gmail.com","level":"info","message":"","timestamp":"2016-11-21T07:54:21.863Z"}
{"level":"info","message":"ADDING A POST REQUEST ON admin_list_user QUEUE WITH msg_payload as:","timestamp":"2016-11-21T07:56:22.437Z"}
{"username":"admin@gmail.com","level":"info","message":"","timestamp":"2016-11-21T07:56:22.437Z"}
{"level":"info","message":"ADDING A POST REQUEST ON admin_list_user QUEUE WITH msg_payload as:","timestamp":"2016-11-21T07:56:37.213Z"}
{"username":"admin@gmail.com","level":"info","message":"","timestamp":"2016-11-21T07:56:37.213Z"}
{"level":"info","message":"ADDING A POST REQUEST ON admin_list_user QUEUE WITH msg_payload as:","timestamp":"2016-11-21T08:00:04.530Z"}
{"username":"admin@gmail.com","level":"info","message":"","timestamp":"2016-11-21T08:00:04.530Z"}
{"level":"info","message":"ADDING A POST REQUEST ON admin_list_user QUEUE WITH msg_payload as:","timestamp":"2016-11-21T08:03:52.818Z"}
{"username":"admin@gmail.com","level":"info","message":"","timestamp":"2016-11-21T08:03:52.818Z"}
{"level":"info","message":"ADDING A POST REQUEST ON admin_list_user QUEUE WITH msg_payload as:","timestamp":"2016-11-21T08:04:29.858Z"}
{"username":"admin@gmail.com","level":"info","message":"","timestamp":"2016-11-21T08:04:29.859Z"}
{"level":"info","message":"ADDING A POST REQUEST ON admin_list_user QUEUE WITH msg_payload as:","timestamp":"2016-11-21T08:05:06.474Z"}
{"username":"admin@gmail.com","level":"info","message":"","timestamp":"2016-11-21T08:05:06.474Z"}
{"level":"info","message":"ADDING A POST REQUEST ON admin_list_user QUEUE WITH msg_payload as:","timestamp":"2016-11-21T08:05:20.439Z"}
{"username":"admin@gmail.com","level":"info","message":"","timestamp":"2016-11-21T08:05:20.439Z"}
{"level":"info","message":"ADDING A POST REQUEST ON admin_list_user QUEUE WITH msg_payload as:","timestamp":"2016-11-21T08:06:27.971Z"}
{"username":"admin@gmail.com","level":"info","message":"","timestamp":"2016-11-21T08:06:27.971Z"}
{"level":"info","message":"ADDING A POST REQUEST ON admin_list_user QUEUE WITH msg_payload as:","timestamp":"2016-11-21T08:06:42.626Z"}
{"username":"admin@gmail.com","level":"info","message":"","timestamp":"2016-11-21T08:06:42.626Z"}
{"level":"info","message":"ADDING A POST REQUEST ON admin_list_user QUEUE WITH msg_payload as:","timestamp":"2016-11-21T08:06:59.998Z"}
{"username":"admin@gmail.com","level":"info","message":"","timestamp":"2016-11-21T08:06:59.998Z"}
{"level":"info","message":"ADDING A POST REQUEST ON admin_list_user QUEUE WITH msg_payload as:","timestamp":"2016-11-21T08:07:06.004Z"}
{"username":"admin@gmail.com","level":"info","message":"","timestamp":"2016-11-21T08:07:06.005Z"}
{"level":"info","message":"SUCCESSFULLY RENDERED THE SIGNIN MODULE","timestamp":"2016-11-21T08:08:56.547Z"}
{"level":"info","message":"SUCCESSFULLY RENDERED THE SIGNIN MODULE","timestamp":"2016-11-21T08:09:04.425Z"}
{"level":"info","message":"SUCCESSFULLY RENDERED THE SIGNIN MODULE","timestamp":"2016-11-21T08:09:04.970Z"}
{"level":"info","message":"SUCCESSFULLY RENDERED THE SIGNIN MODULE","timestamp":"2016-11-21T08:12:21.181Z"}
{"level":"info","message":"SUCCESSFULLY RENDERED THE SIGNIN MODULE","timestamp":"2016-11-21T08:12:21.581Z"}
{"level":"info","message":"SUCCESSFULLY RENDERED THE SIGNIN MODULE","timestamp":"2016-11-21T08:13:26.704Z"}
{"level":"info","message":"SUCCESSFULLY RENDERED THE SIGNIN MODULE","timestamp":"2016-11-21T08:13:27.999Z"}
{"level":"info","message":"SUCCESSFULLY RENDERED THE SIGNIN MODULE","timestamp":"2016-11-21T08:25:27.545Z"}
{"level":"info","message":"SUCCESSFULLY RENDERED THE SIGNIN MODULE","timestamp":"2016-11-21T08:25:32.708Z"}
{"level":"info","message":"ADDING A POST REQUEST ON admin_list_user QUEUE WITH msg_payload as:","timestamp":"2016-11-21T08:45:21.961Z"}
{"username":"admin@gmail.com","level":"info","message":"","timestamp":"2016-11-21T08:45:21.962Z"}
{"level":"info","message":"ADDING A POST REQUEST ON admin_list_user QUEUE WITH msg_payload as:","timestamp":"2016-11-21T08:46:16.611Z"}
{"username":"admin@gmail.com","level":"info","message":"","timestamp":"2016-11-21T08:46:16.611Z"}
{"level":"info","message":"ADDING A POST REQUEST ON admin_list_user QUEUE WITH msg_payload as:","timestamp":"2016-11-21T08:53:27.220Z"}
{"username":"admin@gmail.com","level":"info","message":"","timestamp":"2016-11-21T08:53:27.220Z"}
{"level":"info","message":"ADDING A POST REQUEST ON admin_list_user QUEUE WITH msg_payload as:","timestamp":"2016-11-21T08:55:17.501Z"}
{"username":"admin@gmail.com","level":"info","message":"","timestamp":"2016-11-21T08:55:17.501Z"}
{"level":"info","message":"ADDING A POST REQUEST ON admin_list_user QUEUE WITH msg_payload as:","timestamp":"2016-11-21T08:58:03.092Z"}
{"username":"admin@gmail.com","level":"info","message":"","timestamp":"2016-11-21T08:58:03.092Z"}
{"level":"info","message":"ADDING A POST REQUEST ON admin_list_user QUEUE WITH msg_payload as:","timestamp":"2016-11-21T09:00:15.051Z"}
{"username":"admin@gmail.com","level":"info","message":"","timestamp":"2016-11-21T09:00:15.051Z"}
{"level":"info","message":"ADMIN LOG SESSION STARTS","timestamp":"2016-11-21T09:01:06.893Z"}
{"level":"warn","message":"THIS IS A SAMPLE WARNING LOG MESSAGE","timestamp":"2016-11-21T09:01:06.894Z"}
{"level":"info","message":"ADDING A POST REQUEST ON admin_list_user QUEUE WITH msg_payload as:","timestamp":"2016-11-21T09:01:09.535Z"}
{"username":"admin@gmail.com","level":"info","message":"","timestamp":"2016-11-21T09:01:09.536Z"}
{"level":"info","message":"SUCCESSFULLY RENDERED THE SIGNIN MODULE","timestamp":"2016-11-21T09:01:23.905Z"}
{"level":"info","message":"SUCCESSFULLY RENDERED THE SIGNIN MODULE","timestamp":"2016-11-21T09:01:24.676Z"}
{"level":"info","message":"ADDING A POST REQUEST ON admin_list_user QUEUE WITH msg_payload as:","timestamp":"2016-11-21T09:01:45.422Z"}
{"username":"admin@gmail.com","level":"info","message":"","timestamp":"2016-11-21T09:01:45.422Z"}
{"level":"info","message":"ADDING A POST REQUEST ON admin_list_user QUEUE WITH msg_payload as:","timestamp":"2016-11-21T09:02:55.900Z"}
{"username":"admin@gmail.com","level":"info","message":"","timestamp":"2016-11-21T09:02:55.900Z"}
{"level":"info","message":"ADDING A POST REQUEST ON admin_list_user QUEUE WITH msg_payload as:","timestamp":"2016-11-21T09:03:36.085Z"}
{"username":"admin@gmail.com","level":"info","message":"","timestamp":"2016-11-21T09:03:36.085Z"}
{"level":"info","message":"ADDING A POST REQUEST ON admin_list_user QUEUE WITH msg_payload as:","timestamp":"2016-11-21T09:03:48.735Z"}
{"username":"admin@gmail.com","level":"info","message":"","timestamp":"2016-11-21T09:03:48.735Z"}
{"level":"info","message":"ADDING A POST REQUEST ON admin_list_user QUEUE WITH msg_payload as:","timestamp":"2016-11-21T09:04:08.371Z"}
{"username":"admin@gmail.com","level":"info","message":"","timestamp":"2016-11-21T09:04:08.371Z"}
{"level":"info","message":"ADDING A POST REQUEST ON admin_list_user QUEUE WITH msg_payload as:","timestamp":"2016-11-21T09:04:29.182Z"}
{"username":"admin@gmail.com","level":"info","message":"","timestamp":"2016-11-21T09:04:29.182Z"}
{"level":"info","message":"ADDING A POST REQUEST ON admin_list_user QUEUE WITH msg_payload as:","timestamp":"2016-11-21T09:04:36.769Z"}
{"username":"admin@gmail.com","level":"info","message":"","timestamp":"2016-11-21T09:04:36.769Z"}
{"level":"info","message":"ADDING A POST REQUEST ON admin_list_user QUEUE WITH msg_payload as:","timestamp":"2016-11-21T09:05:05.704Z"}
{"username":"admin@gmail.com","level":"info","message":"","timestamp":"2016-11-21T09:05:05.704Z"}
{"level":"info","message":"ADDING A POST REQUEST ON admin_list_user QUEUE WITH msg_payload as:","timestamp":"2016-11-21T09:05:21.654Z"}
{"username":"admin@gmail.com","level":"info","message":"","timestamp":"2016-11-21T09:05:21.654Z"}
{"level":"info","message":"ADDING A POST REQUEST ON admin_list_user QUEUE WITH msg_payload as:","timestamp":"2016-11-21T09:05:26.022Z"}
{"username":"admin@gmail.com","level":"info","message":"","timestamp":"2016-11-21T09:05:26.022Z"}
{"level":"info","message":"ADDING A POST REQUEST ON admin_list_user QUEUE WITH msg_payload as:","timestamp":"2016-11-21T09:05:30.669Z"}
{"username":"admin@gmail.com","level":"info","message":"","timestamp":"2016-11-21T09:05:30.669Z"}
{"level":"info","message":"ADDING A POST REQUEST ON admin_list_user QUEUE WITH msg_payload as:","timestamp":"2016-11-21T09:05:46.668Z"}
{"username":"admin@gmail.com","level":"info","message":"","timestamp":"2016-11-21T09:05:46.668Z"}
{"level":"info","message":"ADDING A POST REQUEST ON admin_list_user QUEUE WITH msg_payload as:","timestamp":"2016-11-21T09:05:56.079Z"}
{"username":"admin@gmail.com","level":"info","message":"","timestamp":"2016-11-21T09:05:56.079Z"}
{"level":"info","message":"ADDING A POST REQUEST ON admin_list_user QUEUE WITH msg_payload as:","timestamp":"2016-11-21T09:06:04.275Z"}
{"username":"admin@gmail.com","level":"info","message":"","timestamp":"2016-11-21T09:06:04.275Z"}
{"level":"info","message":"ADDING A POST REQUEST ON admin_list_user QUEUE WITH msg_payload as:","timestamp":"2016-11-21T09:06:20.193Z"}
{"username":"admin@gmail.com","level":"info","message":"","timestamp":"2016-11-21T09:06:20.193Z"}
{"level":"info","message":"ADDING A POST REQUEST ON admin_list_user QUEUE WITH msg_payload as:","timestamp":"2016-11-21T09:06:24.339Z"}
{"username":"admin@gmail.com","level":"info","message":"","timestamp":"2016-11-21T09:06:24.339Z"}
{"level":"info","message":"ADDING A POST REQUEST ON admin_list_user QUEUE WITH msg_payload as:","timestamp":"2016-11-21T09:07:59.204Z"}
{"username":"admin@gmail.com","level":"info","message":"","timestamp":"2016-11-21T09:07:59.204Z"}
{"level":"info","message":"ADDING A POST REQUEST ON admin_list_user QUEUE WITH msg_payload as:","timestamp":"2016-11-21T09:08:07.784Z"}
{"username":"admin@gmail.com","level":"info","message":"","timestamp":"2016-11-21T09:08:07.784Z"}
{"level":"info","message":"ADDING A POST REQUEST ON admin_list_user QUEUE WITH msg_payload as:","timestamp":"2016-11-21T09:08:12.514Z"}
{"username":"admin@gmail.com","level":"info","message":"","timestamp":"2016-11-21T09:08:12.514Z"}
{"level":"info","message":"ADDING A POST REQUEST ON admin_list_user QUEUE WITH msg_payload as:","timestamp":"2016-11-21T09:09:37.883Z"}
{"username":"admin@gmail.com","level":"info","message":"","timestamp":"2016-11-21T09:09:37.883Z"}
{"level":"info","message":"ADDING A POST REQUEST ON admin_list_user QUEUE WITH msg_payload as:","timestamp":"2016-11-21T09:09:47.243Z"}
{"username":"admin@gmail.com","level":"info","message":"","timestamp":"2016-11-21T09:09:47.243Z"}
{"level":"info","message":"ADDING A POST REQUEST ON admin_list_user QUEUE WITH msg_payload as:","timestamp":"2016-11-21T09:11:27.067Z"}
{"username":"admin@gmail.com","level":"info","message":"","timestamp":"2016-11-21T09:11:27.067Z"}
{"level":"info","message":"ADDING A POST REQUEST ON admin_list_user QUEUE WITH msg_payload as:","timestamp":"2016-11-21T09:11:50.458Z"}
{"username":"admin@gmail.com","level":"info","message":"","timestamp":"2016-11-21T09:11:50.458Z"}
{"level":"info","message":"ADDING A POST REQUEST ON admin_list_user QUEUE WITH msg_payload as:","timestamp":"2016-11-21T09:11:55.098Z"}
{"username":"admin@gmail.com","level":"info","message":"","timestamp":"2016-11-21T09:11:55.098Z"}
{"level":"info","message":"ADDING A POST REQUEST ON admin_list_user QUEUE WITH msg_payload as:","timestamp":"2016-11-21T09:13:13.673Z"}
{"username":"admin@gmail.com","level":"info","message":"","timestamp":"2016-11-21T09:13:13.674Z"}
{"level":"info","message":"ADDING A POST REQUEST ON admin_list_user QUEUE WITH msg_payload as:","timestamp":"2016-11-21T09:13:19.705Z"}
{"username":"admin@gmail.com","level":"info","message":"","timestamp":"2016-11-21T09:13:19.705Z"}
{"level":"info","message":"ADDING A POST REQUEST ON admin_list_user QUEUE WITH msg_payload as:","timestamp":"2016-11-21T09:13:24.724Z"}
{"username":"admin@gmail.com","level":"info","message":"","timestamp":"2016-11-21T09:13:24.724Z"}
{"level":"info","message":"ADDING A POST REQUEST ON admin_list_user QUEUE WITH msg_payload as:","timestamp":"2016-11-21T09:13:51.832Z"}
{"username":"admin@gmail.com","level":"info","message":"","timestamp":"2016-11-21T09:13:51.832Z"}
{"level":"info","message":"ADDING A POST REQUEST ON admin_list_user QUEUE WITH msg_payload as:","timestamp":"2016-11-21T09:13:56.949Z"}
{"username":"admin@gmail.com","level":"info","message":"","timestamp":"2016-11-21T09:13:56.949Z"}
{"level":"info","message":"ADDING A POST REQUEST ON admin_list_user QUEUE WITH msg_payload as:","timestamp":"2016-11-21T09:16:14.753Z"}
{"username":"admin@gmail.com","level":"info","message":"","timestamp":"2016-11-21T09:16:14.753Z"}
{"level":"info","message":"ADDING A POST REQUEST ON admin_list_user QUEUE WITH msg_payload as:","timestamp":"2016-11-21T09:16:20.124Z"}
{"username":"admin@gmail.com","level":"info","message":"","timestamp":"2016-11-21T09:16:20.124Z"}
{"level":"info","message":"ADDING A POST REQUEST ON admin_list_user QUEUE WITH msg_payload as:","timestamp":"2016-11-21T09:16:24.201Z"}
{"username":"admin@gmail.com","level":"info","message":"","timestamp":"2016-11-21T09:16:24.201Z"}
{"level":"info","message":"ADDING A POST REQUEST ON admin_list_user QUEUE WITH msg_payload as:","timestamp":"2016-11-21T09:16:31.729Z"}
{"username":"admin@gmail.com","level":"info","message":"","timestamp":"2016-11-21T09:16:31.730Z"}
{"level":"info","message":"ADDING A POST REQUEST ON admin_list_user QUEUE WITH msg_payload as:","timestamp":"2016-11-21T09:16:37.156Z"}
{"username":"admin@gmail.com","level":"info","message":"","timestamp":"2016-11-21T09:16:37.156Z"}
{"level":"info","message":"ADDING A POST REQUEST ON admin_list_user QUEUE WITH msg_payload as:","timestamp":"2016-11-21T09:16:42.856Z"}
{"username":"admin@gmail.com","level":"info","message":"","timestamp":"2016-11-21T09:16:42.856Z"}
{"level":"info","message":"ADDING A POST REQUEST ON admin_list_user QUEUE WITH msg_payload as:","timestamp":"2016-11-21T09:16:57.679Z"}
{"username":"admin@gmail.com","level":"info","message":"","timestamp":"2016-11-21T09:16:57.679Z"}
{"level":"info","message":"ADDING A POST REQUEST ON admin_list_user QUEUE WITH msg_payload as:","timestamp":"2016-11-21T09:17:07.158Z"}
{"username":"admin@gmail.com","level":"info","message":"","timestamp":"2016-11-21T09:17:07.158Z"}
{"level":"info","message":"ADDING A POST REQUEST ON admin_list_user QUEUE WITH msg_payload as:","timestamp":"2016-11-21T09:18:16.747Z"}
{"username":"admin@gmail.com","level":"info","message":"","timestamp":"2016-11-21T09:18:16.747Z"}
{"level":"info","message":"ADDING A POST REQUEST ON admin_list_user QUEUE WITH msg_payload as:","timestamp":"2016-11-21T09:18:52.324Z"}
{"username":"admin@gmail.com","level":"info","message":"","timestamp":"2016-11-21T09:18:52.324Z"}
{"level":"info","message":"ADDING A POST REQUEST ON admin_list_user QUEUE WITH msg_payload as:","timestamp":"2016-11-21T09:18:56.188Z"}
{"username":"admin@gmail.com","level":"info","message":"","timestamp":"2016-11-21T09:18:56.188Z"}
{"level":"info","message":"ADDING A POST REQUEST ON admin_list_user QUEUE WITH msg_payload as:","timestamp":"2016-11-21T09:20:35.862Z"}
{"username":"admin@gmail.com","level":"info","message":"","timestamp":"2016-11-21T09:20:35.862Z"}
{"level":"info","message":"ADDING A POST REQUEST ON admin_list_user QUEUE WITH msg_payload as:","timestamp":"2016-11-21T09:21:02.194Z"}
{"username":"admin@gmail.com","level":"info","message":"","timestamp":"2016-11-21T09:21:02.194Z"}
{"level":"info","message":"ADDING A POST REQUEST ON admin_list_user QUEUE WITH msg_payload as:","timestamp":"2016-11-21T09:21:37.469Z"}
{"username":"admin@gmail.com","level":"info","message":"","timestamp":"2016-11-21T09:21:37.469Z"}
{"level":"info","message":"ADDING A POST REQUEST ON admin_list_user QUEUE WITH msg_payload as:","timestamp":"2016-11-21T09:25:20.404Z"}
{"username":"admin@gmail.com","level":"info","message":"","timestamp":"2016-11-21T09:25:20.405Z"}
{"level":"info","message":"ADDING A POST REQUEST ON admin_list_user QUEUE WITH msg_payload as:","timestamp":"2016-11-21T09:26:40.875Z"}
{"username":"admin@gmail.com","level":"info","message":"","timestamp":"2016-11-21T09:26:40.875Z"}
{"level":"info","message":"ADDING A POST REQUEST ON admin_list_user QUEUE WITH msg_payload as:","timestamp":"2016-11-21T09:27:20.257Z"}
{"username":"admin@gmail.com","level":"info","message":"","timestamp":"2016-11-21T09:27:20.257Z"}
{"level":"info","message":"ADDING A POST REQUEST ON admin_list_user QUEUE WITH msg_payload as:","timestamp":"2016-11-21T09:27:29.588Z"}
{"username":"admin@gmail.com","level":"info","message":"","timestamp":"2016-11-21T09:27:29.588Z"}
{"level":"info","message":"ADDING A POST REQUEST ON admin_list_user QUEUE WITH msg_payload as:","timestamp":"2016-11-21T09:28:15.562Z"}
{"username":"admin@gmail.com","level":"info","message":"","timestamp":"2016-11-21T09:28:15.562Z"}
{"level":"info","message":"ADMIN LOG SESSION STARTS","timestamp":"2016-11-21T09:35:50.888Z"}
{"level":"warn","message":"THIS IS A SAMPLE WARNING LOG MESSAGE","timestamp":"2016-11-21T09:35:50.888Z"}
{"level":"info","message":"ADDING A POST REQUEST ON admin_list_user QUEUE WITH msg_payload as:","timestamp":"2016-11-21T09:36:03.003Z"}
{"username":"admin@gmail.com","level":"info","message":"","timestamp":"2016-11-21T09:36:03.008Z"}
{"level":"info","message":"ADDING A POST REQUEST ON admin_list_user QUEUE WITH msg_payload as:","timestamp":"2016-11-21T09:39:53.284Z"}
{"username":"admin@gmail.com","level":"info","message":"","timestamp":"2016-11-21T09:39:53.284Z"}
{"level":"info","message":"ADDING A POST REQUEST ON admin_list_user QUEUE WITH msg_payload as:","timestamp":"2016-11-21T09:54:26.013Z"}
{"username":"admin@gmail.com","level":"info","message":"","timestamp":"2016-11-21T09:54:26.013Z"}
{"level":"info","message":"ADDING A POST REQUEST ON admin_list_user QUEUE WITH msg_payload as:","timestamp":"2016-11-21T09:55:03.198Z"}
{"username":"admin@gmail.com","level":"info","message":"","timestamp":"2016-11-21T09:55:03.199Z"}
{"level":"info","message":"ADDING A POST REQUEST ON admin_list_user QUEUE WITH msg_payload as:","timestamp":"2016-11-21T09:55:54.816Z"}
{"username":"admin@gmail.com","level":"info","message":"","timestamp":"2016-11-21T09:55:54.816Z"}
{"level":"info","message":"ADDING A POST REQUEST ON admin_list_user QUEUE WITH msg_payload as:","timestamp":"2016-11-21T09:56:42.651Z"}
{"username":"admin@gmail.com","level":"info","message":"","timestamp":"2016-11-21T09:56:42.651Z"}
{"level":"info","message":"SUCCESSFULLY RENDERED THE SIGNIN MODULE","timestamp":"2016-11-21T09:58:16.218Z"}
{"level":"info","message":"SUCCESSFULLY RENDERED THE SIGNIN MODULE","timestamp":"2016-11-21T09:58:18.319Z"}
{"level":"info","message":"SUCCESSFULLY RENDERED THE SIGNIN MODULE","timestamp":"2016-11-21T09:59:22.023Z"}
{"level":"info","message":"SUCCESSFULLY RENDERED THE SIGNIN MODULE","timestamp":"2016-11-21T10:00:20.110Z"}
{"level":"info","message":"ADMIN LOG SESSION STARTS","timestamp":"2016-11-21T10:00:36.742Z"}
{"level":"warn","message":"THIS IS A SAMPLE WARNING LOG MESSAGE","timestamp":"2016-11-21T10:00:36.742Z"}
{"level":"info","message":"SUCCESSFULLY RENDERED THE SIGNIN MODULE","timestamp":"2016-11-21T10:00:44.235Z"}
{"level":"info","message":"ADMIN LOG SESSION STARTS","timestamp":"2016-11-21T10:03:55.238Z"}
{"level":"warn","message":"THIS IS A SAMPLE WARNING LOG MESSAGE","timestamp":"2016-11-21T10:03:55.238Z"}
{"level":"info","message":"ADMIN LOG SESSION STARTS","timestamp":"2016-11-22T02:49:18.110Z"}
{"level":"warn","message":"THIS IS A SAMPLE WARNING LOG MESSAGE","timestamp":"2016-11-22T02:49:18.111Z"}
{"level":"info","message":"ADMIN LOG SESSION STARTS","timestamp":"2016-11-22T03:13:31.347Z"}
{"level":"warn","message":"THIS IS A SAMPLE WARNING LOG MESSAGE","timestamp":"2016-11-22T03:13:31.347Z"}
{"level":"info","message":"ADMIN LOG SESSION STARTS","timestamp":"2016-11-22T03:15:25.166Z"}
{"level":"warn","message":"THIS IS A SAMPLE WARNING LOG MESSAGE","timestamp":"2016-11-22T03:15:25.166Z"}
{"level":"info","message":"ADMIN LOG SESSION STARTS","timestamp":"2016-11-22T03:25:36.876Z"}
{"level":"warn","message":"THIS IS A SAMPLE WARNING LOG MESSAGE","timestamp":"2016-11-22T03:25:36.877Z"}
{"level":"info","message":"ADMIN LOG SESSION STARTS","timestamp":"2016-11-22T03:26:15.622Z"}
{"level":"warn","message":"THIS IS A SAMPLE WARNING LOG MESSAGE","timestamp":"2016-11-22T03:26:15.622Z"}
{"level":"info","message":"ADMIN LOG SESSION STARTS","timestamp":"2016-11-22T03:26:41.291Z"}
{"level":"warn","message":"THIS IS A SAMPLE WARNING LOG MESSAGE","timestamp":"2016-11-22T03:26:41.292Z"}
{"level":"info","message":"ADMIN LOG SESSION STARTS","timestamp":"2016-11-22T22:04:00.902Z"}
{"level":"warn","message":"THIS IS A SAMPLE WARNING LOG MESSAGE","timestamp":"2016-11-22T22:04:00.902Z"}
{"level":"info","message":"ADMIN LOG SESSION STARTS","timestamp":"2016-11-22T22:58:34.651Z"}
{"level":"warn","message":"THIS IS A SAMPLE WARNING LOG MESSAGE","timestamp":"2016-11-22T22:58:34.652Z"}
{"level":"info","message":"ADMIN LOG SESSION STARTS","timestamp":"2016-11-22T22:59:33.373Z"}
{"level":"warn","message":"THIS IS A SAMPLE WARNING LOG MESSAGE","timestamp":"2016-11-22T22:59:33.373Z"}
{"level":"info","message":"ADMIN LOG SESSION STARTS","timestamp":"2016-11-26T00:13:30.086Z"}
{"level":"warn","message":"THIS IS A SAMPLE WARNING LOG MESSAGE","timestamp":"2016-11-26T00:13:30.086Z"}
{"level":"info","message":"ADMIN LOG SESSION STARTS","timestamp":"2016-11-26T00:32:02.636Z"}
{"level":"warn","message":"THIS IS A SAMPLE WARNING LOG MESSAGE","timestamp":"2016-11-26T00:32:02.636Z"}
{"level":"info","message":"ADMIN LOG SESSION STARTS","timestamp":"2016-11-26T00:36:59.791Z"}
{"level":"warn","message":"THIS IS A SAMPLE WARNING LOG MESSAGE","timestamp":"2016-11-26T00:36:59.791Z"}
{"level":"info","message":"ADMIN LOG SESSION STARTS","timestamp":"2016-11-26T00:46:16.458Z"}
{"level":"warn","message":"THIS IS A SAMPLE WARNING LOG MESSAGE","timestamp":"2016-11-26T00:46:16.459Z"}
{"level":"info","message":"ADMIN LOG SESSION STARTS","timestamp":"2016-11-26T00:49:39.153Z"}
{"level":"warn","message":"THIS IS A SAMPLE WARNING LOG MESSAGE","timestamp":"2016-11-26T00:49:39.153Z"}
{"level":"info","message":"ADMIN LOG SESSION STARTS","timestamp":"2016-11-26T01:04:50.582Z"}
{"level":"warn","message":"THIS IS A SAMPLE WARNING LOG MESSAGE","timestamp":"2016-11-26T01:04:50.582Z"}
{"level":"info","message":"ADMIN LOG SESSION STARTS","timestamp":"2016-11-26T01:27:55.149Z"}
{"level":"warn","message":"THIS IS A SAMPLE WARNING LOG MESSAGE","timestamp":"2016-11-26T01:27:55.149Z"}
{"level":"info","message":"ADMIN LOG SESSION STARTS","timestamp":"2016-11-26T01:41:27.984Z"}
{"level":"warn","message":"THIS IS A SAMPLE WARNING LOG MESSAGE","timestamp":"2016-11-26T01:41:27.984Z"}
{"level":"info","message":"ADMIN LOG SESSION STARTS","timestamp":"2016-11-26T01:43:43.716Z"}
{"level":"warn","message":"THIS IS A SAMPLE WARNING LOG MESSAGE","timestamp":"2016-11-26T01:43:43.716Z"}
{"level":"info","message":"ADMIN LOG SESSION STARTS","timestamp":"2016-11-26T02:11:01.306Z"}
{"level":"warn","message":"THIS IS A SAMPLE WARNING LOG MESSAGE","timestamp":"2016-11-26T02:11:01.306Z"}
{"level":"info","message":"ADMIN LOG SESSION STARTS","timestamp":"2016-11-26T02:15:37.405Z"}
{"level":"warn","message":"THIS IS A SAMPLE WARNING LOG MESSAGE","timestamp":"2016-11-26T02:15:37.405Z"}
{"level":"info","message":"ADMIN LOG SESSION STARTS","timestamp":"2016-11-26T02:37:48.055Z"}
{"level":"warn","message":"THIS IS A SAMPLE WARNING LOG MESSAGE","timestamp":"2016-11-26T02:37:48.055Z"}
{"level":"info","message":"ADMIN LOG SESSION STARTS","timestamp":"2016-11-26T02:43:59.092Z"}
{"level":"warn","message":"THIS IS A SAMPLE WARNING LOG MESSAGE","timestamp":"2016-11-26T02:43:59.093Z"}
{"level":"info","message":"ADMIN LOG SESSION STARTS","timestamp":"2016-11-26T02:52:49.028Z"}
{"level":"warn","message":"THIS IS A SAMPLE WARNING LOG MESSAGE","timestamp":"2016-11-26T02:52:49.028Z"}
{"level":"info","message":"ADMIN LOG SESSION STARTS","timestamp":"2016-11-26T03:03:45.893Z"}
{"level":"warn","message":"THIS IS A SAMPLE WARNING LOG MESSAGE","timestamp":"2016-11-26T03:03:45.894Z"}
{"level":"info","message":"ADMIN LOG SESSION STARTS","timestamp":"2016-11-26T03:08:18.931Z"}
{"level":"warn","message":"THIS IS A SAMPLE WARNING LOG MESSAGE","timestamp":"2016-11-26T03:08:18.931Z"}
{"level":"info","message":"ADMIN LOG SESSION STARTS","timestamp":"2016-11-26T03:09:39.798Z"}
{"level":"warn","message":"THIS IS A SAMPLE WARNING LOG MESSAGE","timestamp":"2016-11-26T03:09:39.798Z"}
{"level":"info","message":"ADMIN LOG SESSION STARTS","timestamp":"2016-11-26T03:13:15.161Z"}
{"level":"warn","message":"THIS IS A SAMPLE WARNING LOG MESSAGE","timestamp":"2016-11-26T03:13:15.161Z"}
{"level":"info","message":"ADMIN LOG SESSION STARTS","timestamp":"2016-11-26T19:12:57.910Z"}
{"level":"warn","message":"THIS IS A SAMPLE WARNING LOG MESSAGE","timestamp":"2016-11-26T19:12:57.910Z"}
{"level":"info","message":"ADMIN LOG SESSION STARTS","timestamp":"2016-11-26T19:13:30.798Z"}
{"level":"warn","message":"THIS IS A SAMPLE WARNING LOG MESSAGE","timestamp":"2016-11-26T19:13:30.798Z"}
{"level":"info","message":"ADMIN LOG SESSION STARTS","timestamp":"2016-11-26T20:04:37.872Z"}
{"level":"warn","message":"THIS IS A SAMPLE WARNING LOG MESSAGE","timestamp":"2016-11-26T20:04:37.872Z"}
{"level":"info","message":"ADMIN LOG SESSION STARTS","timestamp":"2016-11-26T20:04:44.581Z"}
{"level":"warn","message":"THIS IS A SAMPLE WARNING LOG MESSAGE","timestamp":"2016-11-26T20:04:44.581Z"}
{"level":"info","message":"ADMIN LOG SESSION STARTS","timestamp":"2016-11-26T20:06:50.374Z"}
{"level":"warn","message":"THIS IS A SAMPLE WARNING LOG MESSAGE","timestamp":"2016-11-26T20:06:50.374Z"}
{"level":"info","message":"ADMIN LOG SESSION STARTS","timestamp":"2016-11-26T20:12:40.567Z"}
{"level":"warn","message":"THIS IS A SAMPLE WARNING LOG MESSAGE","timestamp":"2016-11-26T20:12:40.567Z"}
{"level":"info","message":"ADMIN LOG SESSION STARTS","timestamp":"2016-11-26T21:09:13.258Z"}
{"level":"warn","message":"THIS IS A SAMPLE WARNING LOG MESSAGE","timestamp":"2016-11-26T21:09:13.258Z"}
{"level":"info","message":"ADMIN LOG SESSION STARTS","timestamp":"2016-11-26T21:09:59.614Z"}
{"level":"warn","message":"THIS IS A SAMPLE WARNING LOG MESSAGE","timestamp":"2016-11-26T21:09:59.614Z"}
{"level":"info","message":"ADMIN LOG SESSION STARTS","timestamp":"2016-11-27T02:49:51.938Z"}
{"level":"warn","message":"THIS IS A SAMPLE WARNING LOG MESSAGE","timestamp":"2016-11-27T02:49:51.938Z"}
{"level":"info","message":"ADMIN LOG SESSION STARTS","timestamp":"2016-11-27T02:53:02.061Z"}
{"level":"warn","message":"THIS IS A SAMPLE WARNING LOG MESSAGE","timestamp":"2016-11-27T02:53:02.061Z"}
{"level":"info","message":"ADMIN LOG SESSION STARTS","timestamp":"2016-11-27T02:55:11.676Z"}
{"level":"warn","message":"THIS IS A SAMPLE WARNING LOG MESSAGE","timestamp":"2016-11-27T02:55:11.676Z"}
{"level":"info","message":"ADMIN LOG SESSION STARTS","timestamp":"2016-11-27T02:55:59.290Z"}
{"level":"warn","message":"THIS IS A SAMPLE WARNING LOG MESSAGE","timestamp":"2016-11-27T02:55:59.291Z"}
{"level":"info","message":"ADMIN LOG SESSION STARTS","timestamp":"2016-11-27T03:04:39.023Z"}
{"level":"warn","message":"THIS IS A SAMPLE WARNING LOG MESSAGE","timestamp":"2016-11-27T03:04:39.023Z"}
{"level":"info","message":"ADMIN LOG SESSION STARTS","timestamp":"2016-11-27T03:05:48.898Z"}
{"level":"warn","message":"THIS IS A SAMPLE WARNING LOG MESSAGE","timestamp":"2016-11-27T03:05:48.898Z"}
{"level":"info","message":"ADMIN LOG SESSION STARTS","timestamp":"2016-11-28T20:28:58.080Z"}
{"level":"warn","message":"THIS IS A SAMPLE WARNING LOG MESSAGE","timestamp":"2016-11-28T20:28:58.080Z"}
{"level":"info","message":"ADMIN LOG SESSION STARTS","timestamp":"2016-11-28T20:48:21.943Z"}
{"level":"warn","message":"THIS IS A SAMPLE WARNING LOG MESSAGE","timestamp":"2016-11-28T20:48:21.943Z"}
{"level":"info","message":"ADMIN LOG SESSION STARTS","timestamp":"2016-11-28T20:58:41.453Z"}
{"level":"warn","message":"THIS IS A SAMPLE WARNING LOG MESSAGE","timestamp":"2016-11-28T20:58:41.453Z"}
{"level":"info","message":"ADMIN LOG SESSION STARTS","timestamp":"2016-11-29T03:39:31.116Z"}
{"level":"warn","message":"THIS IS A SAMPLE WARNING LOG MESSAGE","timestamp":"2016-11-29T03:39:31.116Z"}
{"level":"info","message":"SUCCESSFULLY RENDERED THE SIGNIN MODULE","timestamp":"2016-11-29T04:14:03.369Z"}
{"level":"info","message":"SUCCESSFULLY RENDERED THE SIGNIN MODULE","timestamp":"2016-11-29T04:19:13.902Z"}
{"level":"info","message":"SUCCESSFULLY RENDERED THE SIGNIN MODULE","timestamp":"2016-11-29T04:19:14.276Z"}
{"level":"info","message":"SUCCESSFULLY RENDERED THE SIGNIN MODULE","timestamp":"2016-11-29T04:21:35.113Z"}
{"level":"info","message":"ADMIN LOG SESSION STARTS","timestamp":"2016-11-29T04:25:06.005Z"}
{"level":"warn","message":"THIS IS A SAMPLE WARNING LOG MESSAGE","timestamp":"2016-11-29T04:25:06.006Z"}
{"level":"info","message":"SUCCESSFULLY RENDERED THE SIGNIN MODULE","timestamp":"2016-11-29T04:25:11.522Z"}
{"level":"info","message":"SUCCESSFULLY RENDERED THE SIGNIN MODULE","timestamp":"2016-11-29T04:25:12.025Z"}
{"level":"info","message":"ADDING A POST REQUEST ON admin_list_user QUEUE WITH msg_payload as:","timestamp":"2016-11-29T04:25:29.110Z"}
{"username":"admin@gmail.com","level":"info","message":"","timestamp":"2016-11-29T04:25:29.110Z"}
{"level":"info","message":"SUCCESSFULLY RENDERED THE SIGNIN MODULE","timestamp":"2016-11-29T04:29:20.364Z"}
{"level":"info","message":"SUCCESSFULLY RENDERED THE SIGNIN MODULE","timestamp":"2016-11-29T04:29:20.995Z"}
{"level":"info","message":"ADDING A POST REQUEST ON admin_list_user QUEUE WITH msg_payload as:","timestamp":"2016-11-29T04:29:40.282Z"}
{"username":"admin@gmail.com","level":"info","message":"","timestamp":"2016-11-29T04:29:40.282Z"}
{"level":"info","message":"ADMIN LOG SESSION STARTS","timestamp":"2016-11-29T04:33:29.918Z"}
{"level":"warn","message":"THIS IS A SAMPLE WARNING LOG MESSAGE","timestamp":"2016-11-29T04:33:29.918Z"}
{"level":"info","message":"ADMIN LOG SESSION STARTS","timestamp":"2016-11-29T04:35:48.232Z"}
{"level":"warn","message":"THIS IS A SAMPLE WARNING LOG MESSAGE","timestamp":"2016-11-29T04:35:48.232Z"}
{"level":"info","message":"SUCCESSFULLY RENDERED THE SIGNIN MODULE","timestamp":"2016-11-29T04:35:56.880Z"}
{"level":"info","message":"SUCCESSFULLY RENDERED THE SIGNIN MODULE","timestamp":"2016-11-29T04:35:57.785Z"}
{"level":"info","message":"ADDING A POST REQUEST ON admin_list_city_names QUEUE WITH msg_payload as:","timestamp":"2016-11-29T04:36:16.779Z"}
{"username":"admin@gmail.com","level":"info","message":"","timestamp":"2016-11-29T04:36:16.779Z"}
{"level":"info","message":"ADDING A POST REQUEST ON admin_list_city_hosts QUEUE WITH msg_payload as:","timestamp":"2016-11-29T04:36:19.747Z"}
{"username":"admin@gmail.com","city":"california","level":"info","message":"","timestamp":"2016-11-29T04:36:19.747Z"}
{"level":"info","message":"ADDING A POST REQUEST ON Admin_Top_Ten_Properties QUEUE WITH msg_payload as:","timestamp":"2016-11-29T04:36:23.176Z"}
{"username":"admin@gmail.com","level":"info","message":"","timestamp":"2016-11-29T04:36:23.176Z"}
{"level":"info","message":"ADDING A POST REQUEST ON admin_citywise_revenue QUEUE WITH msg_payload as:","timestamp":"2016-11-29T04:36:25.047Z"}
{"username":"admin@gmail.com","level":"info","message":"","timestamp":"2016-11-29T04:36:25.047Z"}
{"level":"info","message":"ADDING A POST REQUEST ON admin_list_user QUEUE WITH msg_payload as:","timestamp":"2016-11-29T04:36:27.767Z"}
{"username":"admin@gmail.com","level":"info","message":"","timestamp":"2016-11-29T04:36:27.768Z"}
{"level":"info","message":"SUCCESSFULLY RENDERED THE SIGNIN MODULE","timestamp":"2016-11-29T07:06:20.877Z"}
{"level":"info","message":"SUCCESSFULLY RENDERED THE SIGNIN MODULE","timestamp":"2016-11-29T07:06:25.919Z"}
{"level":"info","message":"ADDING A POST REQUEST ON admin_list_user QUEUE WITH msg_payload as:","timestamp":"2016-11-29T07:06:44.046Z"}
{"username":"admin@gmail.com","level":"info","message":"","timestamp":"2016-11-29T07:06:44.046Z"}
{"level":"info","message":"ADDING A POST REQUEST ON admin_list_city_names QUEUE WITH msg_payload as:","timestamp":"2016-11-29T07:07:23.862Z"}
{"username":"admin@gmail.com","level":"info","message":"","timestamp":"2016-11-29T07:07:23.862Z"}
{"level":"info","message":"ADDING A POST REQUEST ON admin_list_city_hosts QUEUE WITH msg_payload as:","timestamp":"2016-11-29T07:07:56.423Z"}
{"username":"admin@gmail.com","city":"california","level":"info","message":"","timestamp":"2016-11-29T07:07:56.423Z"}
{"level":"info","message":"ADDING A POST REQUEST ON admin_list_city_names QUEUE WITH msg_payload as:","timestamp":"2016-11-29T07:08:00.689Z"}
{"username":"admin@gmail.com","level":"info","message":"","timestamp":"2016-11-29T07:08:00.689Z"}
{"level":"info","message":"ADDING A POST REQUEST ON admin_list_city_hosts QUEUE WITH msg_payload as:","timestamp":"2016-11-29T07:08:03.018Z"}
{"username":"admin@gmail.com","city":"arizona","level":"info","message":"","timestamp":"2016-11-29T07:08:03.018Z"}
{"level":"info","message":"ADDING A POST REQUEST ON Admin_Top_Ten_Properties QUEUE WITH msg_payload as:","timestamp":"2016-11-29T07:08:15.431Z"}
{"username":"admin@gmail.com","level":"info","message":"","timestamp":"2016-11-29T07:08:15.431Z"}
{"level":"info","message":"ADDING A POST REQUEST ON admin_citywise_revenue QUEUE WITH msg_payload as:","timestamp":"2016-11-29T07:08:34.234Z"}
{"username":"admin@gmail.com","level":"info","message":"","timestamp":"2016-11-29T07:08:34.234Z"}
{"level":"info","message":"ADMIN LOG SESSION STARTS","timestamp":"2016-11-29T08:17:15.753Z"}
{"level":"warn","message":"THIS IS A SAMPLE WARNING LOG MESSAGE","timestamp":"2016-11-29T08:17:15.753Z"}
{"level":"info","message":"ADMIN LOG SESSION STARTS","timestamp":"2016-11-29T08:40:26.140Z"}
{"level":"warn","message":"THIS IS A SAMPLE WARNING LOG MESSAGE","timestamp":"2016-11-29T08:40:26.140Z"}
{"level":"info","message":"ADMIN LOG SESSION STARTS","timestamp":"2016-11-29T08:44:16.265Z"}
{"level":"warn","message":"THIS IS A SAMPLE WARNING LOG MESSAGE","timestamp":"2016-11-29T08:44:16.265Z"}
{"level":"info","message":"ADMIN LOG SESSION STARTS","timestamp":"2016-11-29T08:49:11.528Z"}
{"level":"warn","message":"THIS IS A SAMPLE WARNING LOG MESSAGE","timestamp":"2016-11-29T08:49:11.528Z"}
{"level":"info","message":"ADMIN LOG SESSION STARTS","timestamp":"2016-11-29T08:53:31.664Z"}
{"level":"warn","message":"THIS IS A SAMPLE WARNING LOG MESSAGE","timestamp":"2016-11-29T08:53:31.665Z"}
{"level":"info","message":"ADMIN LOG SESSION STARTS","timestamp":"2016-11-29T09:04:21.364Z"}
{"level":"warn","message":"THIS IS A SAMPLE WARNING LOG MESSAGE","timestamp":"2016-11-29T09:04:21.364Z"}
{"level":"info","message":"ADMIN LOG SESSION STARTS","timestamp":"2016-11-29T09:28:23.400Z"}
{"level":"warn","message":"THIS IS A SAMPLE WARNING LOG MESSAGE","timestamp":"2016-11-29T09:28:23.400Z"}
{"level":"info","message":"ADMIN LOG SESSION STARTS","timestamp":"2016-11-29T09:33:38.855Z"}
{"level":"warn","message":"THIS IS A SAMPLE WARNING LOG MESSAGE","timestamp":"2016-11-29T09:33:38.856Z"}
{"level":"info","message":"ADMIN LOG SESSION STARTS","timestamp":"2016-11-29T09:42:04.772Z"}
{"level":"warn","message":"THIS IS A SAMPLE WARNING LOG MESSAGE","timestamp":"2016-11-29T09:42:04.772Z"}
{"level":"info","message":"ADMIN LOG SESSION STARTS","timestamp":"2016-11-29T09:48:53.488Z"}
{"level":"warn","message":"THIS IS A SAMPLE WARNING LOG MESSAGE","timestamp":"2016-11-29T09:48:53.488Z"}
{"level":"info","message":"ADMIN LOG SESSION STARTS","timestamp":"2016-11-29T09:49:54.888Z"}
{"level":"warn","message":"THIS IS A SAMPLE WARNING LOG MESSAGE","timestamp":"2016-11-29T09:49:54.888Z"}
{"level":"info","message":"ADMIN LOG SESSION STARTS","timestamp":"2016-11-29T09:51:14.818Z"}
{"level":"warn","message":"THIS IS A SAMPLE WARNING LOG MESSAGE","timestamp":"2016-11-29T09:51:14.818Z"}
{"level":"info","message":"ADMIN LOG SESSION STARTS","timestamp":"2016-11-29T09:52:31.700Z"}
{"level":"warn","message":"THIS IS A SAMPLE WARNING LOG MESSAGE","timestamp":"2016-11-29T09:52:31.700Z"}
{"level":"info","message":"ADMIN LOG SESSION STARTS","timestamp":"2016-11-29T09:53:17.470Z"}
{"level":"warn","message":"THIS IS A SAMPLE WARNING LOG MESSAGE","timestamp":"2016-11-29T09:53:17.470Z"}
{"level":"info","message":"ADMIN LOG SESSION STARTS","timestamp":"2016-11-29T09:54:55.058Z"}
{"level":"warn","message":"THIS IS A SAMPLE WARNING LOG MESSAGE","timestamp":"2016-11-29T09:54:55.058Z"}
