{"level":"info","message":"LOGGING EVENT IN logMyEvent WITH msg_payload as:","timestamp":"2016-11-21T09:56:44.946Z"}
{"username":"admin@gmail.com","clicklog":"empty","timeSpentOnPage":2.516,"level":"info","message":"","timestamp":"2016-11-21T09:56:44.947Z"}
{"level":"info","message":"LOGGING EVENT IN logMyEvent WITH msg_payload as:","timestamp":"2016-11-21T09:56:46.895Z"}
{"username":"admin@gmail.com","clicklog":"content","timeSpentOnPage":4.466,"level":"info","message":"","timestamp":"2016-11-21T09:56:46.895Z"}
{"level":"info","message":"LOGGING EVENT IN logMyEvent WITH msg_payload as:","timestamp":"2016-11-21T09:58:10.583Z"}
{"username":"admin@gmail.com","clicklog":"empty","timeSpentOnPage":67.82,"level":"info","message":"","timestamp":"2016-11-21T09:58:10.583Z"}
{"level":"info","message":"LOGGING EVENT IN logMyEvent WITH msg_payload as:","timestamp":"2016-11-21T10:01:08.089Z"}
{"username":"admin@gmail.com","clicklog":"content","timeSpentOnPage":3.887,"level":"info","message":"","timestamp":"2016-11-21T10:01:08.089Z"}
{"level":"info","message":"LOGGING EVENT IN logMyEvent WITH msg_payload as:","timestamp":"2016-11-21T10:01:35.326Z"}
{"username":"admin@gmail.com","clicklog":"content","timeSpentOnPage":31.132,"level":"info","message":"","timestamp":"2016-11-21T10:01:35.327Z"}
{"level":"info","message":"LOGGING EVENT IN logMyEvent WITH msg_payload as:","timestamp":"2016-11-21T10:01:35.670Z"}
{"username":"admin@gmail.com","clicklog":"content","timeSpentOnPage":31.475,"level":"info","message":"","timestamp":"2016-11-21T10:01:35.671Z"}
{"level":"info","message":"LOGGING EVENT IN logMyEvent WITH msg_payload as:","timestamp":"2016-11-21T10:01:36.023Z"}
{"username":"admin@gmail.com","clicklog":"content","timeSpentOnPage":31.828,"level":"info","message":"","timestamp":"2016-11-21T10:01:36.023Z"}
{"level":"info","message":"LOGGING EVENT IN logMyEvent WITH msg_payload as:","timestamp":"2016-11-21T10:01:36.319Z"}
{"username":"admin@gmail.com","clicklog":"content","timeSpentOnPage":32.123,"level":"info","message":"","timestamp":"2016-11-21T10:01:36.319Z"}
{"level":"info","message":"LOGGING EVENT IN logMyEvent WITH msg_payload as:","timestamp":"2016-11-21T10:01:36.597Z"}
{"username":"admin@gmail.com","clicklog":"content","timeSpentOnPage":32.403,"level":"info","message":"","timestamp":"2016-11-21T10:01:36.598Z"}
{"level":"info","message":"LOGGING EVENT IN logMyEvent WITH msg_payload as:","timestamp":"2016-11-21T10:01:38.526Z"}
{"username":"admin@gmail.com","clicklog":"empty","timeSpentOnPage":34.332,"level":"info","message":"","timestamp":"2016-11-21T10:01:38.526Z"}
{"level":"info","message":"LOGGING EVENT IN logMyEvent WITH msg_payload as:","timestamp":"2016-11-21T10:01:39.406Z"}
{"username":"admin@gmail.com","clicklog":"content","timeSpentOnPage":35.211,"level":"info","message":"","timestamp":"2016-11-21T10:01:39.406Z"}
{"level":"info","message":"LOGGING EVENT IN logMyEvent WITH msg_payload as:","timestamp":"2016-11-21T10:01:39.662Z"}
{"username":"admin@gmail.com","clicklog":"content","timeSpentOnPage":35.459,"level":"info","message":"","timestamp":"2016-11-21T10:01:39.662Z"}
{"level":"info","message":"LOGGING EVENT IN logMyEvent WITH msg_payload as:","timestamp":"2016-11-21T10:01:39.902Z"}
{"username":"admin@gmail.com","clicklog":"content","timeSpentOnPage":35.706,"level":"info","message":"","timestamp":"2016-11-21T10:01:39.902Z"}
{"level":"info","message":"LOGGING EVENT IN logMyEvent WITH msg_payload as:","timestamp":"2016-11-21T10:02:01.718Z"}
{"username":"admin@gmail.com","clicklog":"empty","timeSpentOnPage":57.523,"level":"info","message":"","timestamp":"2016-11-21T10:02:01.719Z"}
{"level":"info","message":"LOGGING EVENT IN logMyEvent WITH msg_payload as:","timestamp":"2016-11-21T10:02:04.526Z"}
{"username":"admin@gmail.com","clicklog":"ADMIN PANEL DIV","timeSpentOnPage":60.331,"level":"info","message":"","timestamp":"2016-11-21T10:02:04.526Z"}
{"level":"info","message":"LOGGING EVENT IN logMyEvent WITH msg_payload as:","timestamp":"2016-11-21T10:04:01.718Z"}
{"username":"admin@gmail.com","clicklog":"content","timeSpentOnPage":1.928,"level":"info","message":"","timestamp":"2016-11-21T10:04:01.719Z"}
{"level":"info","message":"LOGGING EVENT IN logMyEvent WITH msg_payload as:","timestamp":"2016-11-21T10:04:02.031Z"}
{"username":"admin@gmail.com","clicklog":"content","timeSpentOnPage":2.245,"level":"info","message":"","timestamp":"2016-11-21T10:04:02.031Z"}
{"level":"info","message":"LOGGING EVENT IN logMyEvent WITH msg_payload as:","timestamp":"2016-11-21T10:04:02.223Z"}
{"username":"admin@gmail.com","clicklog":"content","timeSpentOnPage":2.437,"level":"info","message":"","timestamp":"2016-11-21T10:04:02.223Z"}
{"level":"info","message":"LOGGING EVENT IN logMyEvent WITH msg_payload as:","timestamp":"2016-11-25T23:07:17.508Z"}
{"username":"admin@gmail.com","clicklog":"content","timeSpentOnPage":1.78,"level":"info","message":"","timestamp":"2016-11-25T23:07:17.508Z"}
{"level":"info","message":"LOGGING EVENT IN logMyEvent WITH msg_payload as:","timestamp":"2016-11-25T23:07:17.935Z"}
{"username":"admin@gmail.com","clicklog":"content","timeSpentOnPage":2.21,"level":"info","message":"","timestamp":"2016-11-25T23:07:17.935Z"}
{"level":"info","message":"LOGGING EVENT IN logMyEvent WITH msg_payload as:","timestamp":"2016-11-25T23:07:32.303Z"}
{"username":"admin@gmail.com","clicklog":"empty","timeSpentOnPage":16.578,"level":"info","message":"","timestamp":"2016-11-25T23:07:32.303Z"}
{"level":"info","message":"LOGGING EVENT IN logMyEvent WITH msg_payload as:","timestamp":"2016-11-25T23:07:33.190Z"}
{"username":"admin@gmail.com","clicklog":"Review","timeSpentOnPage":17.466,"level":"info","message":"","timestamp":"2016-11-25T23:07:33.190Z"}
{"level":"info","message":"LOGGING EVENT IN logMyEvent WITH msg_payload as:","timestamp":"2016-11-25T23:07:33.749Z"}
{"username":"admin@gmail.com","clicklog":"Tasks","timeSpentOnPage":18.024,"level":"info","message":"","timestamp":"2016-11-25T23:07:33.749Z"}
{"level":"info","message":"LOGGING EVENT IN logMyEvent WITH msg_payload as:","timestamp":"2016-11-25T23:07:34.682Z"}
{"username":"admin@gmail.com","clicklog":"Bill","timeSpentOnPage":18.956,"level":"info","message":"","timestamp":"2016-11-25T23:07:34.683Z"}
{"level":"info","message":"LOGGING EVENT IN logMyEvent WITH msg_payload as:","timestamp":"2016-11-25T23:07:35.261Z"}
{"username":"admin@gmail.com","clicklog":"empty","timeSpentOnPage":19.538,"level":"info","message":"","timestamp":"2016-11-25T23:07:35.261Z"}
{"level":"info","message":"LOGGING EVENT IN logMyEvent WITH msg_payload as:","timestamp":"2016-11-25T23:07:36.447Z"}
{"username":"admin@gmail.com","clicklog":"Display","timeSpentOnPage":20.723,"level":"info","message":"","timestamp":"2016-11-25T23:07:36.447Z"}
{"level":"info","message":"LOGGING EVENT IN logMyEvent WITH msg_payload as:","timestamp":"2016-11-25T23:07:36.774Z"}
{"username":"admin@gmail.com","clicklog":"Bill","timeSpentOnPage":21.05,"level":"info","message":"","timestamp":"2016-11-25T23:07:36.774Z"}
{"level":"info","message":"LOGGING EVENT IN logMyEvent WITH msg_payload as:","timestamp":"2016-11-25T23:07:37.350Z"}
{"username":"admin@gmail.com","clicklog":"Display","timeSpentOnPage":21.626,"level":"info","message":"","timestamp":"2016-11-25T23:07:37.351Z"}
{"level":"info","message":"LOGGING EVENT IN logMyEvent WITH msg_payload as:","timestamp":"2016-11-25T23:07:37.838Z"}
{"username":"admin@gmail.com","clicklog":"Bill","timeSpentOnPage":22.115,"level":"info","message":"","timestamp":"2016-11-25T23:07:37.838Z"}
{"level":"info","message":"LOGGING EVENT IN logMyEvent WITH msg_payload as:","timestamp":"2016-11-25T23:08:06.227Z"}
{"username":"admin@gmail.com","clicklog":"Tasks","timeSpentOnPage":2.242,"level":"info","message":"","timestamp":"2016-11-25T23:08:06.227Z"}
{"level":"info","message":"LOGGING EVENT IN logMyEvent WITH msg_payload as:","timestamp":"2016-11-25T23:08:06.975Z"}
{"username":"admin@gmail.com","clicklog":"Bill","timeSpentOnPage":2.989,"level":"info","message":"","timestamp":"2016-11-25T23:08:06.975Z"}
{"level":"info","message":"LOGGING EVENT IN logMyEvent WITH msg_payload as:","timestamp":"2016-11-25T23:08:07.375Z"}
{"username":"admin@gmail.com","clicklog":"empty","timeSpentOnPage":3.389,"level":"info","message":"","timestamp":"2016-11-25T23:08:07.375Z"}
{"level":"info","message":"LOGGING EVENT IN logMyEvent WITH msg_payload as:","timestamp":"2016-11-25T23:08:08.085Z"}
{"username":"admin@gmail.com","clicklog":"content","timeSpentOnPage":4.1,"level":"info","message":"","timestamp":"2016-11-25T23:08:08.087Z"}
{"level":"info","message":"LOGGING EVENT IN logMyEvent WITH msg_payload as:","timestamp":"2016-11-25T23:08:08.438Z"}
{"username":"admin@gmail.com","clicklog":"content","timeSpentOnPage":4.453,"level":"info","message":"","timestamp":"2016-11-25T23:08:08.438Z"}
