{"level":"info","message":"HOST LOG SESSION STARTS","timestamp":"2016-11-20T10:56:11.801Z"}
{"level":"warn","message":"THIS IS A SAMPLE WARNING LOG MESSAGE","timestamp":"2016-11-20T10:56:11.804Z"}
{"level":"info","message":"HOST LOG SESSION STARTS","timestamp":"2016-11-21T01:32:11.057Z"}
{"level":"warn","message":"THIS IS A SAMPLE WARNING LOG MESSAGE","timestamp":"2016-11-21T01:32:11.061Z"}
{"level":"info","message":"IN DESTROY SESSION FUNCTION","timestamp":"2016-11-21T01:33:56.650Z"}
{"level":"info","message":"HOST LOG SESSION STARTS","timestamp":"2016-11-21T06:07:49.179Z"}
{"level":"warn","message":"THIS IS A SAMPLE WARNING LOG MESSAGE","timestamp":"2016-11-21T06:07:49.182Z"}
{"level":"info","message":"HOST LOG SESSION STARTS","timestamp":"2016-11-21T09:01:06.888Z"}
{"level":"warn","message":"THIS IS A SAMPLE WARNING LOG MESSAGE","timestamp":"2016-11-21T09:01:06.891Z"}
{"level":"info","message":"IN DESTROY SESSION FUNCTION","timestamp":"2016-11-21T09:01:18.769Z"}
{"level":"info","message":"HOST LOG SESSION STARTS","timestamp":"2016-11-21T09:35:50.882Z"}
{"level":"warn","message":"THIS IS A SAMPLE WARNING LOG MESSAGE","timestamp":"2016-11-21T09:35:50.884Z"}
{"level":"info","message":"IN DESTROY SESSION FUNCTION","timestamp":"2016-11-21T09:58:10.588Z"}
{"level":"info","message":"HOST LOG SESSION STARTS","timestamp":"2016-11-21T10:00:36.737Z"}
{"level":"warn","message":"THIS IS A SAMPLE WARNING LOG MESSAGE","timestamp":"2016-11-21T10:00:36.739Z"}
{"level":"info","message":"HOST LOG SESSION STARTS","timestamp":"2016-11-21T10:03:55.233Z"}
{"level":"warn","message":"THIS IS A SAMPLE WARNING LOG MESSAGE","timestamp":"2016-11-21T10:03:55.235Z"}
{"level":"info","message":"HOST LOG SESSION STARTS","timestamp":"2016-11-22T02:49:18.105Z"}
{"level":"warn","message":"THIS IS A SAMPLE WARNING LOG MESSAGE","timestamp":"2016-11-22T02:49:18.107Z"}
{"level":"info","message":"ADDING A POST REQUEST ON register_new_user_queue QUEUE WITH msg_payload as:","timestamp":"2016-11-22T02:50:09.477Z"}
{"saltRounds":10,"myPlaintextPassword":"123","salt":"$2a$10$eSXzzVux5JU4AO1dgp.JBe","hash":"$2a$10$iz5DXMJb.BcUhY9MxKxfaOXuz7StBJYSw90NtSIHolC2jLKyJLNwi","dt":"2016-11-22T02:50:09.187Z","first_name":"aa","last_name":"bb","inputUsername":"arunabh@yest.com","inputPassword":"$2a$10$C5159/LxWV/.HrqvugMruuQmIl3XXLO31TKiWWQAxZ0K3/mvYnnAS","dob":"3333-11-22","approve_flag":"NO","level":"info","message":"","timestamp":"2016-11-22T02:50:09.477Z"}
{"level":"info","message":"THIS PART CHECKS IF THE SESSION IS VALID BEFORE REDIRECTING","timestamp":"2016-11-22T02:50:27.600Z"}
{"level":"info","message":"IN DESTROY SESSION FUNCTION","timestamp":"2016-11-22T02:50:32.491Z"}
{"level":"info","message":"HOST LOG SESSION STARTS","timestamp":"2016-11-22T03:13:31.340Z"}
{"level":"warn","message":"THIS IS A SAMPLE WARNING LOG MESSAGE","timestamp":"2016-11-22T03:13:31.343Z"}
{"level":"info","message":"HOST LOG SESSION STARTS","timestamp":"2016-11-22T03:15:25.160Z"}
{"level":"warn","message":"THIS IS A SAMPLE WARNING LOG MESSAGE","timestamp":"2016-11-22T03:15:25.163Z"}
{"level":"info","message":"HOST LOG SESSION STARTS","timestamp":"2016-11-22T03:25:36.871Z"}
{"level":"warn","message":"THIS IS A SAMPLE WARNING LOG MESSAGE","timestamp":"2016-11-22T03:25:36.873Z"}
{"level":"info","message":"THIS PART CHECKS IF THE SESSION IS VALID BEFORE REDIRECTING","timestamp":"2016-11-22T03:25:39.014Z"}
{"level":"info","message":"THIS PART CHECKS IF THE SESSION IS VALID BEFORE REDIRECTING","timestamp":"2016-11-22T03:25:40.154Z"}
{"level":"info","message":"IN DESTROY SESSION FUNCTION","timestamp":"2016-11-22T03:25:41.963Z"}
{"level":"info","message":"HOST LOG SESSION STARTS","timestamp":"2016-11-22T03:26:15.616Z"}
{"level":"warn","message":"THIS IS A SAMPLE WARNING LOG MESSAGE","timestamp":"2016-11-22T03:26:15.619Z"}
{"level":"info","message":"THIS PART CHECKS IF THE SESSION IS VALID BEFORE REDIRECTING","timestamp":"2016-11-22T03:26:17.097Z"}
{"level":"info","message":"THIS PART CHECKS IF THE SESSION IS VALID BEFORE REDIRECTING","timestamp":"2016-11-22T03:26:17.123Z"}
{"level":"info","message":"THIS PART CHECKS IF THE SESSION IS VALID BEFORE REDIRECTING","timestamp":"2016-11-22T03:26:17.133Z"}
{"level":"info","message":"THIS PART CHECKS IF THE SESSION IS VALID BEFORE REDIRECTING","timestamp":"2016-11-22T03:26:17.140Z"}
{"level":"info","message":"THIS PART CHECKS IF THE SESSION IS VALID BEFORE REDIRECTING","timestamp":"2016-11-22T03:26:17.147Z"}
{"level":"info","message":"THIS PART CHECKS IF THE SESSION IS VALID BEFORE REDIRECTING","timestamp":"2016-11-22T03:26:17.155Z"}
{"level":"info","message":"THIS PART CHECKS IF THE SESSION IS VALID BEFORE REDIRECTING","timestamp":"2016-11-22T03:26:17.162Z"}
{"level":"info","message":"THIS PART CHECKS IF THE SESSION IS VALID BEFORE REDIRECTING","timestamp":"2016-11-22T03:26:17.169Z"}
{"level":"info","message":"THIS PART CHECKS IF THE SESSION IS VALID BEFORE REDIRECTING","timestamp":"2016-11-22T03:26:17.178Z"}
{"level":"info","message":"THIS PART CHECKS IF THE SESSION IS VALID BEFORE REDIRECTING","timestamp":"2016-11-22T03:26:17.186Z"}
{"level":"info","message":"THIS PART CHECKS IF THE SESSION IS VALID BEFORE REDIRECTING","timestamp":"2016-11-22T03:26:17.194Z"}
{"level":"info","message":"THIS PART CHECKS IF THE SESSION IS VALID BEFORE REDIRECTING","timestamp":"2016-11-22T03:26:17.205Z"}
{"level":"info","message":"THIS PART CHECKS IF THE SESSION IS VALID BEFORE REDIRECTING","timestamp":"2016-11-22T03:26:17.214Z"}
{"level":"info","message":"THIS PART CHECKS IF THE SESSION IS VALID BEFORE REDIRECTING","timestamp":"2016-11-22T03:26:17.222Z"}
{"level":"info","message":"THIS PART CHECKS IF THE SESSION IS VALID BEFORE REDIRECTING","timestamp":"2016-11-22T03:26:17.232Z"}
{"level":"info","message":"THIS PART CHECKS IF THE SESSION IS VALID BEFORE REDIRECTING","timestamp":"2016-11-22T03:26:17.242Z"}
{"level":"info","message":"THIS PART CHECKS IF THE SESSION IS VALID BEFORE REDIRECTING","timestamp":"2016-11-22T03:26:17.251Z"}
{"level":"info","message":"THIS PART CHECKS IF THE SESSION IS VALID BEFORE REDIRECTING","timestamp":"2016-11-22T03:26:17.259Z"}
{"level":"info","message":"THIS PART CHECKS IF THE SESSION IS VALID BEFORE REDIRECTING","timestamp":"2016-11-22T03:26:17.268Z"}
{"level":"info","message":"THIS PART CHECKS IF THE SESSION IS VALID BEFORE REDIRECTING","timestamp":"2016-11-22T03:26:17.275Z"}
{"level":"info","message":"THIS PART CHECKS IF THE SESSION IS VALID BEFORE REDIRECTING","timestamp":"2016-11-22T03:26:17.283Z"}
{"level":"info","message":"THIS PART CHECKS IF THE SESSION IS VALID BEFORE REDIRECTING","timestamp":"2016-11-22T03:26:17.795Z"}
{"level":"info","message":"THIS PART CHECKS IF THE SESSION IS VALID BEFORE REDIRECTING","timestamp":"2016-11-22T03:26:17.819Z"}
{"level":"info","message":"THIS PART CHECKS IF THE SESSION IS VALID BEFORE REDIRECTING","timestamp":"2016-11-22T03:26:17.831Z"}
{"level":"info","message":"THIS PART CHECKS IF THE SESSION IS VALID BEFORE REDIRECTING","timestamp":"2016-11-22T03:26:17.839Z"}
{"level":"info","message":"THIS PART CHECKS IF THE SESSION IS VALID BEFORE REDIRECTING","timestamp":"2016-11-22T03:26:17.848Z"}
{"level":"info","message":"THIS PART CHECKS IF THE SESSION IS VALID BEFORE REDIRECTING","timestamp":"2016-11-22T03:26:17.855Z"}
{"level":"info","message":"THIS PART CHECKS IF THE SESSION IS VALID BEFORE REDIRECTING","timestamp":"2016-11-22T03:26:17.862Z"}
{"level":"info","message":"THIS PART CHECKS IF THE SESSION IS VALID BEFORE REDIRECTING","timestamp":"2016-11-22T03:26:17.870Z"}
{"level":"info","message":"THIS PART CHECKS IF THE SESSION IS VALID BEFORE REDIRECTING","timestamp":"2016-11-22T03:26:17.878Z"}
{"level":"info","message":"THIS PART CHECKS IF THE SESSION IS VALID BEFORE REDIRECTING","timestamp":"2016-11-22T03:26:17.885Z"}
{"level":"info","message":"THIS PART CHECKS IF THE SESSION IS VALID BEFORE REDIRECTING","timestamp":"2016-11-22T03:26:17.892Z"}
{"level":"info","message":"THIS PART CHECKS IF THE SESSION IS VALID BEFORE REDIRECTING","timestamp":"2016-11-22T03:26:17.901Z"}
{"level":"info","message":"THIS PART CHECKS IF THE SESSION IS VALID BEFORE REDIRECTING","timestamp":"2016-11-22T03:26:17.910Z"}
{"level":"info","message":"THIS PART CHECKS IF THE SESSION IS VALID BEFORE REDIRECTING","timestamp":"2016-11-22T03:26:17.917Z"}
{"level":"info","message":"THIS PART CHECKS IF THE SESSION IS VALID BEFORE REDIRECTING","timestamp":"2016-11-22T03:26:17.923Z"}
{"level":"info","message":"THIS PART CHECKS IF THE SESSION IS VALID BEFORE REDIRECTING","timestamp":"2016-11-22T03:26:17.930Z"}
{"level":"info","message":"THIS PART CHECKS IF THE SESSION IS VALID BEFORE REDIRECTING","timestamp":"2016-11-22T03:26:17.937Z"}
{"level":"info","message":"THIS PART CHECKS IF THE SESSION IS VALID BEFORE REDIRECTING","timestamp":"2016-11-22T03:26:17.945Z"}
{"level":"info","message":"THIS PART CHECKS IF THE SESSION IS VALID BEFORE REDIRECTING","timestamp":"2016-11-22T03:26:17.953Z"}
{"level":"info","message":"THIS PART CHECKS IF THE SESSION IS VALID BEFORE REDIRECTING","timestamp":"2016-11-22T03:26:17.960Z"}
{"level":"info","message":"THIS PART CHECKS IF THE SESSION IS VALID BEFORE REDIRECTING","timestamp":"2016-11-22T03:26:17.967Z"}
{"level":"info","message":"THIS PART CHECKS IF THE SESSION IS VALID BEFORE REDIRECTING","timestamp":"2016-11-22T03:26:18.346Z"}
{"level":"info","message":"THIS PART CHECKS IF THE SESSION IS VALID BEFORE REDIRECTING","timestamp":"2016-11-22T03:26:18.375Z"}
{"level":"info","message":"THIS PART CHECKS IF THE SESSION IS VALID BEFORE REDIRECTING","timestamp":"2016-11-22T03:26:18.417Z"}
{"level":"info","message":"THIS PART CHECKS IF THE SESSION IS VALID BEFORE REDIRECTING","timestamp":"2016-11-22T03:26:18.430Z"}
{"level":"info","message":"THIS PART CHECKS IF THE SESSION IS VALID BEFORE REDIRECTING","timestamp":"2016-11-22T03:26:18.439Z"}
{"level":"info","message":"THIS PART CHECKS IF THE SESSION IS VALID BEFORE REDIRECTING","timestamp":"2016-11-22T03:26:18.448Z"}
{"level":"info","message":"THIS PART CHECKS IF THE SESSION IS VALID BEFORE REDIRECTING","timestamp":"2016-11-22T03:26:18.455Z"}
{"level":"info","message":"THIS PART CHECKS IF THE SESSION IS VALID BEFORE REDIRECTING","timestamp":"2016-11-22T03:26:18.463Z"}
{"level":"info","message":"THIS PART CHECKS IF THE SESSION IS VALID BEFORE REDIRECTING","timestamp":"2016-11-22T03:26:18.470Z"}
{"level":"info","message":"THIS PART CHECKS IF THE SESSION IS VALID BEFORE REDIRECTING","timestamp":"2016-11-22T03:26:18.476Z"}
{"level":"info","message":"THIS PART CHECKS IF THE SESSION IS VALID BEFORE REDIRECTING","timestamp":"2016-11-22T03:26:18.483Z"}
{"level":"info","message":"THIS PART CHECKS IF THE SESSION IS VALID BEFORE REDIRECTING","timestamp":"2016-11-22T03:26:18.490Z"}
{"level":"info","message":"THIS PART CHECKS IF THE SESSION IS VALID BEFORE REDIRECTING","timestamp":"2016-11-22T03:26:18.497Z"}
{"level":"info","message":"THIS PART CHECKS IF THE SESSION IS VALID BEFORE REDIRECTING","timestamp":"2016-11-22T03:26:18.503Z"}
{"level":"info","message":"THIS PART CHECKS IF THE SESSION IS VALID BEFORE REDIRECTING","timestamp":"2016-11-22T03:26:18.510Z"}
{"level":"info","message":"THIS PART CHECKS IF THE SESSION IS VALID BEFORE REDIRECTING","timestamp":"2016-11-22T03:26:18.517Z"}
{"level":"info","message":"THIS PART CHECKS IF THE SESSION IS VALID BEFORE REDIRECTING","timestamp":"2016-11-22T03:26:18.524Z"}
{"level":"info","message":"THIS PART CHECKS IF THE SESSION IS VALID BEFORE REDIRECTING","timestamp":"2016-11-22T03:26:18.531Z"}
{"level":"info","message":"THIS PART CHECKS IF THE SESSION IS VALID BEFORE REDIRECTING","timestamp":"2016-11-22T03:26:18.539Z"}
{"level":"info","message":"THIS PART CHECKS IF THE SESSION IS VALID BEFORE REDIRECTING","timestamp":"2016-11-22T03:26:18.547Z"}
{"level":"info","message":"THIS PART CHECKS IF THE SESSION IS VALID BEFORE REDIRECTING","timestamp":"2016-11-22T03:26:18.555Z"}
{"level":"info","message":"HOST LOG SESSION STARTS","timestamp":"2016-11-22T03:26:41.286Z"}
{"level":"warn","message":"THIS IS A SAMPLE WARNING LOG MESSAGE","timestamp":"2016-11-22T03:26:41.289Z"}
